Using pre-set license

 COMMAND LINE ARGUMENTS:
/Applications/Unity/Hub/Editor/2020.3.9f1/Unity.app/Contents/MacOS/Unity
-adb2
-batchMode
-noUpm
-name
AssetImportWorker0
-projectPath
/Users/techcreative/Documents/GitHub/for_test/D_Boutique
-logFile
Logs/AssetImportWorker0.log
-srvPort
49600
Successfully changed project path to: /Users/techcreative/Documents/GitHub/for_test/D_Boutique
/Users/techcreative/Documents/GitHub/for_test/D_Boutique
Using Asset Import Pipeline V2.
Refreshing native plugins compatible for Editor in 56.69 ms, found 2 plugins.
Preloading 0 native plugins for Editor in 0.00 ms.
Initialize engine version: 2020.3.9f1 (108be757e447)
[Subsystems] Discovering subsystems at path /Applications/Unity/Hub/Editor/2020.3.9f1/Unity.app/Contents/Resources/UnitySubsystems
[Subsystems] Discovering subsystems at path /Users/techcreative/Documents/GitHub/for_test/D_Boutique/Assets
GfxDevice: creating device client; threaded=0
Renderer: Intel Iris Pro OpenGL Engine
Vendor:   Intel Inc.
Version:  4.1 INTEL-16.5.7
GLES:     0
 GL_ARB_blend_func_extended GL_ARB_draw_buffers_blend GL_ARB_draw_indirect GL_ARB_ES2_compatibility GL_ARB_explicit_attrib_location GL_ARB_gpu_shader_fp64 GL_ARB_gpu_shader5 GL_ARB_instanced_arrays GL_ARB_internalformat_query GL_ARB_occlusion_query2 GL_ARB_sample_shading GL_ARB_sampler_objects GL_ARB_separate_shader_objects GL_ARB_shader_bit_encoding GL_ARB_shader_subroutine GL_ARB_shading_language_include GL_ARB_tessellation_shader GL_ARB_texture_buffer_object_rgb32 GL_ARB_texture_cube_map_array GL_ARB_texture_gather GL_ARB_texture_query_lod GL_ARB_texture_rgb10_a2ui GL_ARB_texture_storage GL_ARB_texture_swizzle GL_ARB_timer_query GL_ARB_transform_feedback2 GL_ARB_transform_feedback3 GL_ARB_vertex_attrib_64bit GL_ARB_vertex_type_2_10_10_10_rev GL_ARB_viewport_array GL_EXT_debug_label GL_EXT_debug_marker GL_EXT_framebuffer_multisample_blit_scaled GL_EXT_texture_compression_s3tc GL_EXT_texture_filter_anisotropic GL_EXT_texture_sRGB_decode GL_APPLE_client_storage GL_APPLE_container_object_shareable GL_APPLE_fl
ush_render GL_APPLE_object_purgeable GL_APPLE_rgb_422 GL_APPLE_row_bytes GL_APPLE_texture_range GL_ATI_texture_mirror_once GL_NV_texture_barrier
OPENGL LOG: Creating OpenGL 4.1 graphics device ; Context level  <OpenGL 4.1> ; Context handle -1316767744
Shader 'Jason/Build It/Water No Light': fallback shader 'Mobile/Unlit' not found
Shader 'Jason/Build It/Water UV Scroll No Light': fallback shader 'Mobile/Unlit' not found
Shader 'Wit/StandardTransparent_js': fallback shader 'Wit/Standard(NoColor)' not found
Shader 'BuildItAssets/Stable/Water/Cube': fallback shader 'Mobile/Unlit' not found
Initialize mono
Mono path[0] = '/Applications/Unity/Hub/Editor/2020.3.9f1/Unity.app/Contents/Managed'
Mono path[1] = '/Applications/Unity/Hub/Editor/2020.3.9f1/Unity.app/Contents/MonoBleedingEdge/lib/mono/unityjit'
Mono config path = '/Applications/Unity/Hub/Editor/2020.3.9f1/Unity.app/Contents/MonoBleedingEdge/etc'
Using monoOptions --debugger-agent=transport=dt_socket,embedding=1,server=y,suspend=n,address=127.0.0.1:56935
Begin MonoManager ReloadAssembly
Registering precompiled unity dll's ...
Register platform support module: /Applications/Unity/Hub/Editor/2020.3.9f1/Unity.app/Contents/PlaybackEngines/MacStandaloneSupport/UnityEditor.OSXStandalone.Extensions.dll
Trying to register platform support module: /Applications/Unity/Hub/Editor/2020.3.9f1/PlaybackEngines/WindowsStandaloneSupport/UnityEditor.WindowsStandalone.Extensions.dll (that doesn't exist). Retrying without overrides.
Platform support module is not available: /Applications/Unity/Hub/Editor/2020.3.9f1/PlaybackEngines/WindowsStandaloneSupport/UnityEditor.WindowsStandalone.Extensions.dll
Registered in 0.000794 seconds.
Native extension for OSXStandalone target not found
Refreshing native plugins compatible for Editor in 50.22 ms, found 2 plugins.
Preloading 0 native plugins for Editor in 0.00 ms.
Mono: successfully reloaded assembly
- Completed reload, in  2.406 seconds
Platform modules already initialized, skipping
Registering precompiled user dll's ...
Registered in 0.009478 seconds.
Begin MonoManager ReloadAssembly
Native extension for OSXStandalone target not found
Refreshing native plugins compatible for Editor in 46.39 ms, found 2 plugins.
Preloading 0 native plugins for Editor in 0.00 ms.
SocketException: Could not resolve host 'bohanui-MacBookPro.local'
  at System.Net.Dns.Error_11001 (System.String hostName) [0x00015] in <aa976c2104104b7ca9e1785715722c9d>:0 
  at System.Net.Dns.GetHostByName (System.String hostName) [0x00021] in <aa976c2104104b7ca9e1785715722c9d>:0 
  at System.Net.Dns.GetHostEntry (System.String hostNameOrAddress) [0x00052] in <aa976c2104104b7ca9e1785715722c9d>:0 
  at ZEPETO.World.Editor.NetworkInterfaceUtils.get_PublicIPAddress () [0x00005] in <eb9f6530d4a24c568674e4b3e6d3489a>:0 
  at ZEPETO.World.Editor.WorldNetworkInterfaceSettings.LoadNetworkInterface () [0x00017] in <eb9f6530d4a24c568674e4b3e6d3489a>:0 
  at ZEPETO.World.Editor.WorldNetworkInterfaceSettings.Initialize () [0x00011] in <eb9f6530d4a24c568674e4b3e6d3489a>:0 

Mono: successfully reloaded assembly
- Completed reload, in  6.581 seconds
Platform modules already initialized, skipping
========================================================================
Worker process is ready to serve import requests
Shader 'Wit/StandardTransparent_js': fallback shader 'Wit/Standard(NoColor)' not found
Shader 'Jason/Build It/Water No Light': fallback shader 'Mobile/Unlit' not found
Shader 'BuildItAssets/Stable/Water/Cube': fallback shader 'Mobile/Unlit' not found
Shader 'Jason/Build It/Water UV Scroll No Light': fallback shader 'Mobile/Unlit' not found
Launching external process: /Applications/Unity/Hub/Editor/2020.3.9f1/Unity.app/Contents/Tools/UnityShaderCompiler
Launched and connected shader compiler UnityShaderCompiler after 0.01 seconds
Refreshing native plugins compatible for Editor in 0.64 ms, found 2 plugins.
Preloading 0 native plugins for Editor in 0.00 ms.
Unloading 1656 Unused Serialized files (Serialized files now loaded: 0)
System memory in use before: 179.7 MB.
System memory in use after: 179.4 MB.

Unloading 73 unused Assets to reduce memory usage. Loaded Objects now: 2216.
Total: 3.885877 ms (FindLiveObjects: 0.216018 ms CreateObjectMapping: 0.067763 ms MarkObjects: 3.193801 ms  DeleteObjects: 0.406958 ms)

========================================================================
Received Import Request.
  path: Assets
  artifactKey: Guid(00000000000000001000000000000000) Importer(815301076,1909f56bfc062723c751e8b465ee728b)
Start importing Assets using Guid(00000000000000001000000000000000) Importer(815301076,1909f56bfc062723c751e8b465ee728b)  -> (artifact id: '42d402b061de3733987d63b9cc3b64de') in 0.005629 seconds
  Import took 0.009049 seconds .

========================================================================
Received Import Request.
  Time since last request: 4.759676 seconds.
  path: Assets/ㅠㅕ.unity
  artifactKey: Guid(b651865dd192c4e64a4b3b691754b5c6) Importer(815301076,1909f56bfc062723c751e8b465ee728b)
Start importing Assets/ㅠㅕ.unity using Guid(b651865dd192c4e64a4b3b691754b5c6) Importer(815301076,1909f56bfc062723c751e8b465ee728b)  -> (artifact id: '6d14bba123129cb1608ece42d3ac8623') in 0.016068 seconds
  Import took 0.019816 seconds .

========================================================================
Received Import Request.
  Time since last request: 9.979769 seconds.
  path: Assets/b.unity
  artifactKey: Guid(b651865dd192c4e64a4b3b691754b5c6) Importer(815301076,1909f56bfc062723c751e8b465ee728b)
Start importing Assets/b.unity using Guid(b651865dd192c4e64a4b3b691754b5c6) Importer(815301076,1909f56bfc062723c751e8b465ee728b)  -> (artifact id: '91880757b1b19fa475a6d0172ede2215') in 0.003027 seconds
  Import took 0.006692 seconds .

========================================================================
Received Import Request.
  Time since last request: 22.384759 seconds.
  path: Assets/b.unity
  artifactKey: Guid(b651865dd192c4e64a4b3b691754b5c6) Importer(815301076,1909f56bfc062723c751e8b465ee728b)
Start importing Assets/b.unity using Guid(b651865dd192c4e64a4b3b691754b5c6) Importer(815301076,1909f56bfc062723c751e8b465ee728b)  -> (artifact id: 'c00b1e55917e6b1fd6b88602589aaea2') in 0.012222 seconds
  Import took 0.016170 seconds .

========================================================================
Received Import Request.
  Time since last request: 0.001402 seconds.
  path: Assets/b.unity
  artifactKey: Guid(b651865dd192c4e64a4b3b691754b5c6) Importer(815301076,1909f56bfc062723c751e8b465ee728b)
Start importing Assets/b.unity using Guid(b651865dd192c4e64a4b3b691754b5c6) Importer(815301076,1909f56bfc062723c751e8b465ee728b)  -> (artifact id: 'c00b1e55917e6b1fd6b88602589aaea2') in 0.001724 seconds
  Import took 0.005218 seconds .

